TN:
SF:dist/ejercicio2/appConPipe.js
FN:22,(anonymous_0)
FN:24,(anonymous_1)
FN:34,(anonymous_2)
FN:37,(anonymous_3)
FNF:4
FNH:4
FNDA:4,(anonymous_0)
FNDA:4,(anonymous_1)
FNDA:3,(anonymous_2)
FNDA:3,(anonymous_3)
DA:2,4
DA:3,4
DA:4,4
DA:5,4
DA:6,4
DA:7,4
DA:23,4
DA:24,4
DA:25,4
DA:26,1
DA:29,3
DA:30,3
DA:31,3
DA:32,3
DA:33,3
DA:34,3
DA:35,3
DA:37,3
DA:38,3
DA:40,1
DA:41,1
DA:43,1
DA:44,1
DA:46,1
DA:47,1
DA:49,0
DA:50,0
DA:58,4
LF:28
LH:26
BRDA:23,0,0,4
BRDA:23,0,1,0
BRDA:25,1,0,1
BRDA:25,1,1,3
BRDA:38,2,0,1
BRDA:38,2,1,1
BRDA:38,2,2,1
BRDA:38,2,3,0
BRF:8
BRH:6
end_of_record
TN:
SF:dist/ejercicio2/appSinPipe.js
FN:22,(anonymous_0)
FN:24,(anonymous_1)
FN:32,(anonymous_2)
FN:35,(anonymous_3)
FNF:4
FNH:4
FNDA:4,(anonymous_0)
FNDA:4,(anonymous_1)
FNDA:3,(anonymous_2)
FNDA:3,(anonymous_3)
DA:2,4
DA:3,4
DA:4,4
DA:5,4
DA:6,4
DA:7,4
DA:23,4
DA:24,4
DA:25,4
DA:26,1
DA:29,3
DA:30,3
DA:31,3
DA:32,3
DA:33,3
DA:35,3
DA:36,3
DA:37,3
DA:39,1
DA:40,1
DA:42,1
DA:43,1
DA:45,1
DA:46,1
DA:48,0
DA:49,0
DA:57,4
LF:27
LH:25
BRDA:23,0,0,4
BRDA:23,0,1,0
BRDA:25,1,0,1
BRDA:25,1,1,3
BRDA:37,2,0,1
BRDA:37,2,1,1
BRDA:37,2,2,1
BRDA:37,2,3,0
BRF:8
BRH:6
end_of_record
